<?xml version="1.0" encoding="UTF-8"?>
<testng-results ignored="0" total="26" passed="26" failed="0" skipped="0">
  <reporter-output>
  </reporter-output>
  <suite started-at="2026-01-07T23:12:04 IST" name=" Parallel Smoke Regression Suite" finished-at="2026-01-07T23:12:52 IST" duration-ms="47667">
    <groups>
      <group name="regression">
        <method signature="RegressionTests.REG_01_loginWithInvalidUsername()[pri:0, instance:com.tests.RegressionTests@f627d13]" name="REG_01_loginWithInvalidUsername" class="com.tests.RegressionTests"/>
        <method signature="RegressionTests.REG_02_loginWithInvalidPassword()[pri:0, instance:com.tests.RegressionTests@f627d13]" name="REG_02_loginWithInvalidPassword" class="com.tests.RegressionTests"/>
        <method signature="RegressionTests.REG_03_verifyValidLoginRedirectsToDashboard()[pri:0, instance:com.tests.RegressionTests@f627d13]" name="REG_03_verifyValidLoginRedirectsToDashboard" class="com.tests.RegressionTests"/>
        <method signature="RegressionTests.REG_04_verifyPIMModule()[pri:0, instance:com.tests.RegressionTests@f627d13]" name="REG_04_verifyPIMModule" class="com.tests.RegressionTests"/>
        <method signature="RegressionTests.REG_05_verifyLeaveModule()[pri:0, instance:com.tests.RegressionTests@f627d13]" name="REG_05_verifyLeaveModule" class="com.tests.RegressionTests"/>
        <method signature="RegressionTests.REG_06_verifyAdminModule()[pri:0, instance:com.tests.RegressionTests@f627d13]" name="REG_06_verifyAdminModule" class="com.tests.RegressionTests"/>
        <method signature="RegressionTests.REG_07_verifyPageRefreshAfterLogin()[pri:0, instance:com.tests.RegressionTests@f627d13]" name="REG_07_verifyPageRefreshAfterLogin" class="com.tests.RegressionTests"/>
        <method signature="RegressionTests.REG_08_verifySessionStillActive()[pri:0, instance:com.tests.RegressionTests@f627d13]" name="REG_08_verifySessionStillActive" class="com.tests.RegressionTests"/>
        <method signature="RegressionTests.REG_01_loginWithInvalidUsername()[pri:0, instance:com.tests.RegressionTests@2e32ccc5]" name="REG_01_loginWithInvalidUsername" class="com.tests.RegressionTests"/>
        <method signature="RegressionTests.REG_02_loginWithInvalidPassword()[pri:0, instance:com.tests.RegressionTests@2e32ccc5]" name="REG_02_loginWithInvalidPassword" class="com.tests.RegressionTests"/>
        <method signature="RegressionTests.REG_03_verifyValidLoginRedirectsToDashboard()[pri:0, instance:com.tests.RegressionTests@2e32ccc5]" name="REG_03_verifyValidLoginRedirectsToDashboard" class="com.tests.RegressionTests"/>
        <method signature="RegressionTests.REG_04_verifyPIMModule()[pri:0, instance:com.tests.RegressionTests@2e32ccc5]" name="REG_04_verifyPIMModule" class="com.tests.RegressionTests"/>
        <method signature="RegressionTests.REG_05_verifyLeaveModule()[pri:0, instance:com.tests.RegressionTests@2e32ccc5]" name="REG_05_verifyLeaveModule" class="com.tests.RegressionTests"/>
        <method signature="RegressionTests.REG_06_verifyAdminModule()[pri:0, instance:com.tests.RegressionTests@2e32ccc5]" name="REG_06_verifyAdminModule" class="com.tests.RegressionTests"/>
        <method signature="RegressionTests.REG_07_verifyPageRefreshAfterLogin()[pri:0, instance:com.tests.RegressionTests@2e32ccc5]" name="REG_07_verifyPageRefreshAfterLogin" class="com.tests.RegressionTests"/>
        <method signature="RegressionTests.REG_08_verifySessionStillActive()[pri:0, instance:com.tests.RegressionTests@2e32ccc5]" name="REG_08_verifySessionStillActive" class="com.tests.RegressionTests"/>
      </group> <!-- regression -->
      <group name="smoke">
        <method signature="SmokeTests.SMOKE_01_verifyApplicationLaunch()[pri:0, instance:com.tests.SmokeTests@61322f9d]" name="SMOKE_01_verifyApplicationLaunch" class="com.tests.SmokeTests"/>
        <method signature="SmokeTests.SMOKE_02_verifyValidLogin()[pri:0, instance:com.tests.SmokeTests@61322f9d]" name="SMOKE_02_verifyValidLogin" class="com.tests.SmokeTests"/>
        <method signature="SmokeTests.SMOKE_03_verifyDashboardLoaded()[pri:0, instance:com.tests.SmokeTests@61322f9d]" name="SMOKE_03_verifyDashboardLoaded" class="com.tests.SmokeTests"/>
        <method signature="SmokeTests.SMOKE_04_verifyLogoutOptionVisible()[pri:0, instance:com.tests.SmokeTests@61322f9d]" name="SMOKE_04_verifyLogoutOptionVisible" class="com.tests.SmokeTests"/>
        <method signature="SmokeTests.SMOKE_05_verifyLogoutFunctionality()[pri:0, instance:com.tests.SmokeTests@61322f9d]" name="SMOKE_05_verifyLogoutFunctionality" class="com.tests.SmokeTests"/>
        <method signature="SmokeTests.SMOKE_01_verifyApplicationLaunch()[pri:0, instance:com.tests.SmokeTests@2a7ed1f]" name="SMOKE_01_verifyApplicationLaunch" class="com.tests.SmokeTests"/>
        <method signature="SmokeTests.SMOKE_02_verifyValidLogin()[pri:0, instance:com.tests.SmokeTests@2a7ed1f]" name="SMOKE_02_verifyValidLogin" class="com.tests.SmokeTests"/>
        <method signature="SmokeTests.SMOKE_03_verifyDashboardLoaded()[pri:0, instance:com.tests.SmokeTests@2a7ed1f]" name="SMOKE_03_verifyDashboardLoaded" class="com.tests.SmokeTests"/>
        <method signature="SmokeTests.SMOKE_04_verifyLogoutOptionVisible()[pri:0, instance:com.tests.SmokeTests@2a7ed1f]" name="SMOKE_04_verifyLogoutOptionVisible" class="com.tests.SmokeTests"/>
        <method signature="SmokeTests.SMOKE_05_verifyLogoutFunctionality()[pri:0, instance:com.tests.SmokeTests@2a7ed1f]" name="SMOKE_05_verifyLogoutFunctionality" class="com.tests.SmokeTests"/>
      </group> <!-- smoke -->
    </groups>
    <test started-at="2026-01-07T23:12:04 IST" name="Smoke Tests - Chrome" finished-at="2026-01-07T23:12:31 IST" duration-ms="26902">
      <class name="com.tests.SmokeTests">
        <test-method is-config="true" signature="setup(java.lang.String)[pri:0, instance:com.tests.SmokeTests@61322f9d]" started-at="2026-01-07T23:12:04 IST" name="setup" finished-at="2026-01-07T23:12:13 IST" duration-ms="9149" status="PASS">
          <params>
            <param index="0">
              <value>
                <![CDATA[chrome]]>
              </value>
            </param>
          </params>
          <reporter-output>
          </reporter-output>
        </test-method> <!-- setup -->
        <test-method signature="SMOKE_01_verifyApplicationLaunch()[pri:0, instance:com.tests.SmokeTests@61322f9d]" started-at="2026-01-07T23:12:13 IST" name="SMOKE_01_verifyApplicationLaunch" finished-at="2026-01-07T23:12:21 IST" duration-ms="8058" status="PASS">
          <reporter-output>
          </reporter-output>
        </test-method> <!-- SMOKE_01_verifyApplicationLaunch -->
        <test-method signature="SMOKE_02_verifyValidLogin()[pri:0, instance:com.tests.SmokeTests@61322f9d]" started-at="2026-01-07T23:12:21 IST" name="SMOKE_02_verifyValidLogin" finished-at="2026-01-07T23:12:27 IST" duration-ms="5291" status="PASS">
          <reporter-output>
          </reporter-output>
        </test-method> <!-- SMOKE_02_verifyValidLogin -->
        <test-method signature="SMOKE_03_verifyDashboardLoaded()[pri:0, instance:com.tests.SmokeTests@61322f9d]" started-at="2026-01-07T23:12:27 IST" name="SMOKE_03_verifyDashboardLoaded" finished-at="2026-01-07T23:12:27 IST" duration-ms="327" status="PASS">
          <reporter-output>
          </reporter-output>
        </test-method> <!-- SMOKE_03_verifyDashboardLoaded -->
        <test-method signature="SMOKE_04_verifyLogoutOptionVisible()[pri:0, instance:com.tests.SmokeTests@61322f9d]" started-at="2026-01-07T23:12:27 IST" name="SMOKE_04_verifyLogoutOptionVisible" finished-at="2026-01-07T23:12:27 IST" duration-ms="313" status="PASS">
          <reporter-output>
          </reporter-output>
        </test-method> <!-- SMOKE_04_verifyLogoutOptionVisible -->
        <test-method signature="SMOKE_05_verifyLogoutFunctionality()[pri:0, instance:com.tests.SmokeTests@61322f9d]" started-at="2026-01-07T23:12:27 IST" name="SMOKE_05_verifyLogoutFunctionality" finished-at="2026-01-07T23:12:30 IST" duration-ms="2740" status="PASS">
          <reporter-output>
          </reporter-output>
        </test-method> <!-- SMOKE_05_verifyLogoutFunctionality -->
        <test-method is-config="true" signature="tearDown()[pri:0, instance:com.tests.SmokeTests@61322f9d]" started-at="2026-01-07T23:12:30 IST" name="tearDown" finished-at="2026-01-07T23:12:31 IST" duration-ms="809" status="PASS">
          <reporter-output>
          </reporter-output>
        </test-method> <!-- tearDown -->
      </class> <!-- com.tests.SmokeTests -->
    </test> <!-- Smoke Tests - Chrome -->
    <test started-at="2026-01-07T23:12:04 IST" name="Smoke Tests - Edge" finished-at="2026-01-07T23:12:33 IST" duration-ms="29002">
      <class name="com.tests.SmokeTests">
        <test-method is-config="true" signature="setup(java.lang.String)[pri:0, instance:com.tests.SmokeTests@2a7ed1f]" started-at="2026-01-07T23:12:04 IST" name="setup" finished-at="2026-01-07T23:12:23 IST" duration-ms="18541" status="PASS">
          <params>
            <param index="0">
              <value>
                <![CDATA[edge]]>
              </value>
            </param>
          </params>
          <reporter-output>
          </reporter-output>
        </test-method> <!-- setup -->
        <test-method signature="SMOKE_01_verifyApplicationLaunch()[pri:0, instance:com.tests.SmokeTests@2a7ed1f]" started-at="2026-01-07T23:12:23 IST" name="SMOKE_01_verifyApplicationLaunch" finished-at="2026-01-07T23:12:23 IST" duration-ms="29" status="PASS">
          <reporter-output>
          </reporter-output>
        </test-method> <!-- SMOKE_01_verifyApplicationLaunch -->
        <test-method signature="SMOKE_02_verifyValidLogin()[pri:0, instance:com.tests.SmokeTests@2a7ed1f]" started-at="2026-01-07T23:12:23 IST" name="SMOKE_02_verifyValidLogin" finished-at="2026-01-07T23:12:28 IST" duration-ms="4966" status="PASS">
          <reporter-output>
          </reporter-output>
        </test-method> <!-- SMOKE_02_verifyValidLogin -->
        <test-method signature="SMOKE_03_verifyDashboardLoaded()[pri:0, instance:com.tests.SmokeTests@2a7ed1f]" started-at="2026-01-07T23:12:28 IST" name="SMOKE_03_verifyDashboardLoaded" finished-at="2026-01-07T23:12:28 IST" duration-ms="84" status="PASS">
          <reporter-output>
          </reporter-output>
        </test-method> <!-- SMOKE_03_verifyDashboardLoaded -->
        <test-method signature="SMOKE_04_verifyLogoutOptionVisible()[pri:0, instance:com.tests.SmokeTests@2a7ed1f]" started-at="2026-01-07T23:12:28 IST" name="SMOKE_04_verifyLogoutOptionVisible" finished-at="2026-01-07T23:12:28 IST" duration-ms="122" status="PASS">
          <reporter-output>
          </reporter-output>
        </test-method> <!-- SMOKE_04_verifyLogoutOptionVisible -->
        <test-method signature="SMOKE_05_verifyLogoutFunctionality()[pri:0, instance:com.tests.SmokeTests@2a7ed1f]" started-at="2026-01-07T23:12:28 IST" name="SMOKE_05_verifyLogoutFunctionality" finished-at="2026-01-07T23:12:31 IST" duration-ms="3369" status="PASS">
          <reporter-output>
          </reporter-output>
        </test-method> <!-- SMOKE_05_verifyLogoutFunctionality -->
        <test-method is-config="true" signature="tearDown()[pri:0, instance:com.tests.SmokeTests@2a7ed1f]" started-at="2026-01-07T23:12:31 IST" name="tearDown" finished-at="2026-01-07T23:12:33 IST" duration-ms="1798" status="PASS">
          <reporter-output>
          </reporter-output>
        </test-method> <!-- tearDown -->
      </class> <!-- com.tests.SmokeTests -->
    </test> <!-- Smoke Tests - Edge -->
    <test started-at="2026-01-07T23:12:04 IST" name="Regression Tests - Chrome" finished-at="2026-01-07T23:12:46 IST" duration-ms="42065">
      <class name="com.tests.RegressionTests">
        <test-method is-config="true" signature="setup(java.lang.String)[pri:0, instance:com.tests.RegressionTests@f627d13]" started-at="2026-01-07T23:12:04 IST" name="setup" finished-at="2026-01-07T23:12:20 IST" duration-ms="15908" status="PASS">
          <params>
            <param index="0">
              <value>
                <![CDATA[chrome]]>
              </value>
            </param>
          </params>
          <reporter-output>
          </reporter-output>
        </test-method> <!-- setup -->
        <test-method signature="REG_01_loginWithInvalidUsername()[pri:0, instance:com.tests.RegressionTests@f627d13]" started-at="2026-01-07T23:12:20 IST" name="REG_01_loginWithInvalidUsername" finished-at="2026-01-07T23:12:24 IST" duration-ms="3566" status="PASS">
          <reporter-output>
          </reporter-output>
        </test-method> <!-- REG_01_loginWithInvalidUsername -->
        <test-method signature="REG_02_loginWithInvalidPassword()[pri:0, instance:com.tests.RegressionTests@f627d13]" started-at="2026-01-07T23:12:24 IST" name="REG_02_loginWithInvalidPassword" finished-at="2026-01-07T23:12:27 IST" duration-ms="3444" status="PASS">
          <reporter-output>
          </reporter-output>
        </test-method> <!-- REG_02_loginWithInvalidPassword -->
        <test-method signature="REG_03_verifyValidLoginRedirectsToDashboard()[pri:0, instance:com.tests.RegressionTests@f627d13]" started-at="2026-01-07T23:12:27 IST" name="REG_03_verifyValidLoginRedirectsToDashboard" finished-at="2026-01-07T23:12:32 IST" duration-ms="4670" status="PASS">
          <reporter-output>
          </reporter-output>
        </test-method> <!-- REG_03_verifyValidLoginRedirectsToDashboard -->
        <test-method signature="REG_04_verifyPIMModule()[pri:0, instance:com.tests.RegressionTests@f627d13]" started-at="2026-01-07T23:12:32 IST" name="REG_04_verifyPIMModule" finished-at="2026-01-07T23:12:34 IST" duration-ms="2122" status="PASS">
          <reporter-output>
          </reporter-output>
        </test-method> <!-- REG_04_verifyPIMModule -->
        <test-method signature="REG_05_verifyLeaveModule()[pri:0, instance:com.tests.RegressionTests@f627d13]" started-at="2026-01-07T23:12:34 IST" name="REG_05_verifyLeaveModule" finished-at="2026-01-07T23:12:38 IST" duration-ms="3870" status="PASS">
          <reporter-output>
          </reporter-output>
        </test-method> <!-- REG_05_verifyLeaveModule -->
        <test-method signature="REG_06_verifyAdminModule()[pri:0, instance:com.tests.RegressionTests@f627d13]" started-at="2026-01-07T23:12:38 IST" name="REG_06_verifyAdminModule" finished-at="2026-01-07T23:12:44 IST" duration-ms="6054" status="PASS">
          <reporter-output>
          </reporter-output>
        </test-method> <!-- REG_06_verifyAdminModule -->
        <test-method signature="REG_07_verifyPageRefreshAfterLogin()[pri:0, instance:com.tests.RegressionTests@f627d13]" started-at="2026-01-07T23:12:44 IST" name="REG_07_verifyPageRefreshAfterLogin" finished-at="2026-01-07T23:12:46 IST" duration-ms="1789" status="PASS">
          <reporter-output>
          </reporter-output>
        </test-method> <!-- REG_07_verifyPageRefreshAfterLogin -->
        <test-method signature="REG_08_verifySessionStillActive()[pri:0, instance:com.tests.RegressionTests@f627d13]" started-at="2026-01-07T23:12:46 IST" name="REG_08_verifySessionStillActive" finished-at="2026-01-07T23:12:46 IST" duration-ms="50" status="PASS">
          <reporter-output>
          </reporter-output>
        </test-method> <!-- REG_08_verifySessionStillActive -->
        <test-method is-config="true" signature="tearDown()[pri:0, instance:com.tests.RegressionTests@f627d13]" started-at="2026-01-07T23:12:46 IST" name="tearDown" finished-at="2026-01-07T23:12:46 IST" duration-ms="487" status="PASS">
          <reporter-output>
          </reporter-output>
        </test-method> <!-- tearDown -->
      </class> <!-- com.tests.RegressionTests -->
    </test> <!-- Regression Tests - Chrome -->
    <test started-at="2026-01-07T23:12:04 IST" name="Regression Tests - Edge" finished-at="2026-01-07T23:12:52 IST" duration-ms="47667">
      <class name="com.tests.RegressionTests">
        <test-method is-config="true" signature="setup(java.lang.String)[pri:0, instance:com.tests.RegressionTests@2e32ccc5]" started-at="2026-01-07T23:12:04 IST" name="setup" finished-at="2026-01-07T23:12:25 IST" duration-ms="20541" status="PASS">
          <params>
            <param index="0">
              <value>
                <![CDATA[edge]]>
              </value>
            </param>
          </params>
          <reporter-output>
          </reporter-output>
        </test-method> <!-- setup -->
        <test-method signature="REG_01_loginWithInvalidUsername()[pri:0, instance:com.tests.RegressionTests@2e32ccc5]" started-at="2026-01-07T23:12:25 IST" name="REG_01_loginWithInvalidUsername" finished-at="2026-01-07T23:12:32 IST" duration-ms="7134" status="PASS">
          <reporter-output>
          </reporter-output>
        </test-method> <!-- REG_01_loginWithInvalidUsername -->
        <test-method signature="REG_02_loginWithInvalidPassword()[pri:0, instance:com.tests.RegressionTests@2e32ccc5]" started-at="2026-01-07T23:12:32 IST" name="REG_02_loginWithInvalidPassword" finished-at="2026-01-07T23:12:38 IST" duration-ms="5997" status="PASS">
          <reporter-output>
          </reporter-output>
        </test-method> <!-- REG_02_loginWithInvalidPassword -->
        <test-method signature="REG_03_verifyValidLoginRedirectsToDashboard()[pri:0, instance:com.tests.RegressionTests@2e32ccc5]" started-at="2026-01-07T23:12:38 IST" name="REG_03_verifyValidLoginRedirectsToDashboard" finished-at="2026-01-07T23:12:41 IST" duration-ms="3450" status="PASS">
          <reporter-output>
          </reporter-output>
        </test-method> <!-- REG_03_verifyValidLoginRedirectsToDashboard -->
        <test-method signature="REG_04_verifyPIMModule()[pri:0, instance:com.tests.RegressionTests@2e32ccc5]" started-at="2026-01-07T23:12:41 IST" name="REG_04_verifyPIMModule" finished-at="2026-01-07T23:12:43 IST" duration-ms="1864" status="PASS">
          <reporter-output>
          </reporter-output>
        </test-method> <!-- REG_04_verifyPIMModule -->
        <test-method signature="REG_05_verifyLeaveModule()[pri:0, instance:com.tests.RegressionTests@2e32ccc5]" started-at="2026-01-07T23:12:43 IST" name="REG_05_verifyLeaveModule" finished-at="2026-01-07T23:12:46 IST" duration-ms="2629" status="PASS">
          <reporter-output>
          </reporter-output>
        </test-method> <!-- REG_05_verifyLeaveModule -->
        <test-method signature="REG_06_verifyAdminModule()[pri:0, instance:com.tests.RegressionTests@2e32ccc5]" started-at="2026-01-07T23:12:46 IST" name="REG_06_verifyAdminModule" finished-at="2026-01-07T23:12:49 IST" duration-ms="3680" status="PASS">
          <reporter-output>
          </reporter-output>
        </test-method> <!-- REG_06_verifyAdminModule -->
        <test-method signature="REG_07_verifyPageRefreshAfterLogin()[pri:0, instance:com.tests.RegressionTests@2e32ccc5]" started-at="2026-01-07T23:12:49 IST" name="REG_07_verifyPageRefreshAfterLogin" finished-at="2026-01-07T23:12:51 IST" duration-ms="1723" status="PASS">
          <reporter-output>
          </reporter-output>
        </test-method> <!-- REG_07_verifyPageRefreshAfterLogin -->
        <test-method signature="REG_08_verifySessionStillActive()[pri:0, instance:com.tests.RegressionTests@2e32ccc5]" started-at="2026-01-07T23:12:51 IST" name="REG_08_verifySessionStillActive" finished-at="2026-01-07T23:12:51 IST" duration-ms="53" status="PASS">
          <reporter-output>
          </reporter-output>
        </test-method> <!-- REG_08_verifySessionStillActive -->
        <test-method is-config="true" signature="tearDown()[pri:0, instance:com.tests.RegressionTests@2e32ccc5]" started-at="2026-01-07T23:12:51 IST" name="tearDown" finished-at="2026-01-07T23:12:52 IST" duration-ms="477" status="PASS">
          <reporter-output>
          </reporter-output>
        </test-method> <!-- tearDown -->
      </class> <!-- com.tests.RegressionTests -->
    </test> <!-- Regression Tests - Edge -->
  </suite> <!--  Parallel Smoke Regression Suite -->
</testng-results>
