<?xml version="1.0" encoding="UTF-8"?>
<testng-results ignored="0" total="26" passed="25" failed="1" skipped="0">
  <reporter-output>
  </reporter-output>
  <suite started-at="2026-01-09T15:33:05 IST" name=" Parallel Smoke Regression Suite" finished-at="2026-01-09T15:34:26 IST" duration-ms="81027">
    <groups>
      <group name="regression">
        <method signature="RegressionTests.REG_01_loginWithInvalidUsername()[pri:0, instance:com.tests.RegressionTests@f627d13]" name="REG_01_loginWithInvalidUsername" class="com.tests.RegressionTests"/>
        <method signature="RegressionTests.REG_02_loginWithInvalidPassword()[pri:0, instance:com.tests.RegressionTests@f627d13]" name="REG_02_loginWithInvalidPassword" class="com.tests.RegressionTests"/>
        <method signature="RegressionTests.REG_03_verifyValidLoginRedirectsToDashboard()[pri:0, instance:com.tests.RegressionTests@f627d13]" name="REG_03_verifyValidLoginRedirectsToDashboard" class="com.tests.RegressionTests"/>
        <method signature="RegressionTests.REG_04_verifyPIMModule()[pri:0, instance:com.tests.RegressionTests@f627d13]" name="REG_04_verifyPIMModule" class="com.tests.RegressionTests"/>
        <method signature="RegressionTests.REG_05_verifyLeaveModule()[pri:0, instance:com.tests.RegressionTests@f627d13]" name="REG_05_verifyLeaveModule" class="com.tests.RegressionTests"/>
        <method signature="RegressionTests.REG_06_verifyAdminModule()[pri:0, instance:com.tests.RegressionTests@f627d13]" name="REG_06_verifyAdminModule" class="com.tests.RegressionTests"/>
        <method signature="RegressionTests.REG_07_verifyPageRefreshAfterLogin()[pri:0, instance:com.tests.RegressionTests@f627d13]" name="REG_07_verifyPageRefreshAfterLogin" class="com.tests.RegressionTests"/>
        <method signature="RegressionTests.REG_08_verifySessionStillActive()[pri:0, instance:com.tests.RegressionTests@f627d13]" name="REG_08_verifySessionStillActive" class="com.tests.RegressionTests"/>
        <method signature="RegressionTests.REG_01_loginWithInvalidUsername()[pri:0, instance:com.tests.RegressionTests@2e32ccc5]" name="REG_01_loginWithInvalidUsername" class="com.tests.RegressionTests"/>
        <method signature="RegressionTests.REG_02_loginWithInvalidPassword()[pri:0, instance:com.tests.RegressionTests@2e32ccc5]" name="REG_02_loginWithInvalidPassword" class="com.tests.RegressionTests"/>
        <method signature="RegressionTests.REG_03_verifyValidLoginRedirectsToDashboard()[pri:0, instance:com.tests.RegressionTests@2e32ccc5]" name="REG_03_verifyValidLoginRedirectsToDashboard" class="com.tests.RegressionTests"/>
        <method signature="RegressionTests.REG_04_verifyPIMModule()[pri:0, instance:com.tests.RegressionTests@2e32ccc5]" name="REG_04_verifyPIMModule" class="com.tests.RegressionTests"/>
        <method signature="RegressionTests.REG_05_verifyLeaveModule()[pri:0, instance:com.tests.RegressionTests@2e32ccc5]" name="REG_05_verifyLeaveModule" class="com.tests.RegressionTests"/>
        <method signature="RegressionTests.REG_06_verifyAdminModule()[pri:0, instance:com.tests.RegressionTests@2e32ccc5]" name="REG_06_verifyAdminModule" class="com.tests.RegressionTests"/>
        <method signature="RegressionTests.REG_07_verifyPageRefreshAfterLogin()[pri:0, instance:com.tests.RegressionTests@2e32ccc5]" name="REG_07_verifyPageRefreshAfterLogin" class="com.tests.RegressionTests"/>
        <method signature="RegressionTests.REG_08_verifySessionStillActive()[pri:0, instance:com.tests.RegressionTests@2e32ccc5]" name="REG_08_verifySessionStillActive" class="com.tests.RegressionTests"/>
      </group> <!-- regression -->
      <group name="smoke">
        <method signature="SmokeTests.SMOKE_01_verifyApplicationLaunch()[pri:0, instance:com.tests.SmokeTests@61322f9d]" name="SMOKE_01_verifyApplicationLaunch" class="com.tests.SmokeTests"/>
        <method signature="SmokeTests.SMOKE_02_verifyValidLogin()[pri:0, instance:com.tests.SmokeTests@61322f9d]" name="SMOKE_02_verifyValidLogin" class="com.tests.SmokeTests"/>
        <method signature="SmokeTests.SMOKE_03_verifyDashboardLoaded()[pri:0, instance:com.tests.SmokeTests@61322f9d]" name="SMOKE_03_verifyDashboardLoaded" class="com.tests.SmokeTests"/>
        <method signature="SmokeTests.SMOKE_04_verifyLogoutOptionVisible()[pri:0, instance:com.tests.SmokeTests@61322f9d]" name="SMOKE_04_verifyLogoutOptionVisible" class="com.tests.SmokeTests"/>
        <method signature="SmokeTests.SMOKE_05_verifyLogoutFunctionality()[pri:0, instance:com.tests.SmokeTests@61322f9d]" name="SMOKE_05_verifyLogoutFunctionality" class="com.tests.SmokeTests"/>
        <method signature="SmokeTests.SMOKE_01_verifyApplicationLaunch()[pri:0, instance:com.tests.SmokeTests@2a7ed1f]" name="SMOKE_01_verifyApplicationLaunch" class="com.tests.SmokeTests"/>
        <method signature="SmokeTests.SMOKE_02_verifyValidLogin()[pri:0, instance:com.tests.SmokeTests@2a7ed1f]" name="SMOKE_02_verifyValidLogin" class="com.tests.SmokeTests"/>
        <method signature="SmokeTests.SMOKE_03_verifyDashboardLoaded()[pri:0, instance:com.tests.SmokeTests@2a7ed1f]" name="SMOKE_03_verifyDashboardLoaded" class="com.tests.SmokeTests"/>
        <method signature="SmokeTests.SMOKE_04_verifyLogoutOptionVisible()[pri:0, instance:com.tests.SmokeTests@2a7ed1f]" name="SMOKE_04_verifyLogoutOptionVisible" class="com.tests.SmokeTests"/>
        <method signature="SmokeTests.SMOKE_05_verifyLogoutFunctionality()[pri:0, instance:com.tests.SmokeTests@2a7ed1f]" name="SMOKE_05_verifyLogoutFunctionality" class="com.tests.SmokeTests"/>
      </group> <!-- smoke -->
    </groups>
    <test started-at="2026-01-09T15:33:05 IST" name="Smoke Tests - Edge" finished-at="2026-01-09T15:33:46 IST" duration-ms="41122">
      <class name="com.tests.SmokeTests">
        <test-method is-config="true" signature="setup(java.lang.String)[pri:0, instance:com.tests.SmokeTests@2a7ed1f]" started-at="2026-01-09T15:33:05 IST" name="setup" finished-at="2026-01-09T15:33:19 IST" duration-ms="14604" status="PASS">
          <params>
            <param index="0">
              <value>
                <![CDATA[edge]]>
              </value>
            </param>
          </params>
          <reporter-output>
          </reporter-output>
        </test-method> <!-- setup -->
        <test-method signature="SMOKE_01_verifyApplicationLaunch()[pri:0, instance:com.tests.SmokeTests@2a7ed1f]" started-at="2026-01-09T15:33:20 IST" name="SMOKE_01_verifyApplicationLaunch" finished-at="2026-01-09T15:33:25 IST" duration-ms="5347" status="PASS">
          <reporter-output>
          </reporter-output>
        </test-method> <!-- SMOKE_01_verifyApplicationLaunch -->
        <test-method signature="SMOKE_02_verifyValidLogin()[pri:0, instance:com.tests.SmokeTests@2a7ed1f]" started-at="2026-01-09T15:33:25 IST" name="SMOKE_02_verifyValidLogin" finished-at="2026-01-09T15:33:41 IST" duration-ms="16085" status="PASS">
          <reporter-output>
          </reporter-output>
        </test-method> <!-- SMOKE_02_verifyValidLogin -->
        <test-method signature="SMOKE_03_verifyDashboardLoaded()[pri:0, instance:com.tests.SmokeTests@2a7ed1f]" started-at="2026-01-09T15:33:41 IST" name="SMOKE_03_verifyDashboardLoaded" finished-at="2026-01-09T15:33:41 IST" duration-ms="74" status="PASS">
          <reporter-output>
          </reporter-output>
        </test-method> <!-- SMOKE_03_verifyDashboardLoaded -->
        <test-method signature="SMOKE_04_verifyLogoutOptionVisible()[pri:0, instance:com.tests.SmokeTests@2a7ed1f]" started-at="2026-01-09T15:33:41 IST" name="SMOKE_04_verifyLogoutOptionVisible" finished-at="2026-01-09T15:33:41 IST" duration-ms="184" status="PASS">
          <reporter-output>
          </reporter-output>
        </test-method> <!-- SMOKE_04_verifyLogoutOptionVisible -->
        <test-method signature="SMOKE_05_verifyLogoutFunctionality()[pri:0, instance:com.tests.SmokeTests@2a7ed1f]" started-at="2026-01-09T15:33:41 IST" name="SMOKE_05_verifyLogoutFunctionality" finished-at="2026-01-09T15:33:44 IST" duration-ms="2781" status="FAIL">
          <exception class="java.lang.AssertionError">
            <message>
              <![CDATA[User not redirected to login page after logout expected [true] but found [false]]]>
            </message>
            <full-stacktrace>
              <![CDATA[java.lang.AssertionError: User not redirected to login page after logout expected [true] but found [false]
at org.testng.Assert.fail(Assert.java:111)
at org.testng.Assert.failNotEquals(Assert.java:1590)
at org.testng.Assert.assertTrue(Assert.java:57)
at com.tests.SmokeTests.SMOKE_05_verifyLogoutFunctionality(SmokeTests.java:56)
at java.base/jdk.internal.reflect.DirectMethodHandleAccessor.invoke(DirectMethodHandleAccessor.java:103)
at java.base/java.lang.reflect.Method.invoke(Method.java:580)
at org.testng.internal.invokers.MethodInvocationHelper.invokeMethod(MethodInvocationHelper.java:141)
at org.testng.internal.invokers.TestInvoker.invokeMethod(TestInvoker.java:687)
at org.testng.internal.invokers.TestInvoker.invokeTestMethod(TestInvoker.java:230)
at org.testng.internal.invokers.MethodRunner.runInSequence(MethodRunner.java:63)
at org.testng.internal.invokers.TestInvoker$MethodInvocationAgent.invoke(TestInvoker.java:995)
at org.testng.internal.invokers.TestInvoker.invokeTestMethods(TestInvoker.java:203)
at org.testng.internal.invokers.TestMethodWorker.invokeTestMethods(TestMethodWorker.java:154)
at org.testng.internal.invokers.TestMethodWorker.run(TestMethodWorker.java:134)
at java.base/java.util.ArrayList.forEach(ArrayList.java:1596)
at org.testng.TestRunner.privateRun(TestRunner.java:741)
at org.testng.TestRunner.run(TestRunner.java:616)
at org.testng.SuiteRunner.runTest(SuiteRunner.java:421)
at org.testng.SuiteRunner$SuiteWorker.run(SuiteRunner.java:463)
at org.testng.internal.thread.ThreadUtil.lambda$execute$0(ThreadUtil.java:64)
at java.base/java.util.concurrent.FutureTask.run(FutureTask.java:317)
at java.base/java.util.concurrent.ThreadPoolExecutor.runWorker(ThreadPoolExecutor.java:1144)
at java.base/java.util.concurrent.ThreadPoolExecutor$Worker.run(ThreadPoolExecutor.java:642)
at java.base/java.lang.Thread.run(Thread.java:1583)
]]>
            </full-stacktrace>
          </exception> <!-- java.lang.AssertionError -->
          <reporter-output>
          </reporter-output>
        </test-method> <!-- SMOKE_05_verifyLogoutFunctionality -->
        <test-method is-config="true" signature="tearDown()[pri:0, instance:com.tests.SmokeTests@2a7ed1f]" started-at="2026-01-09T15:33:45 IST" name="tearDown" finished-at="2026-01-09T15:33:46 IST" duration-ms="1192" status="PASS">
          <reporter-output>
          </reporter-output>
        </test-method> <!-- tearDown -->
      </class> <!-- com.tests.SmokeTests -->
    </test> <!-- Smoke Tests - Edge -->
    <test started-at="2026-01-09T15:33:05 IST" name="Smoke Tests - Chrome" finished-at="2026-01-09T15:33:53 IST" duration-ms="47941">
      <class name="com.tests.SmokeTests">
        <test-method is-config="true" signature="setup(java.lang.String)[pri:0, instance:com.tests.SmokeTests@61322f9d]" started-at="2026-01-09T15:33:05 IST" name="setup" finished-at="2026-01-09T15:33:30 IST" duration-ms="25172" status="PASS">
          <params>
            <param index="0">
              <value>
                <![CDATA[chrome]]>
              </value>
            </param>
          </params>
          <reporter-output>
          </reporter-output>
        </test-method> <!-- setup -->
        <test-method signature="SMOKE_01_verifyApplicationLaunch()[pri:0, instance:com.tests.SmokeTests@61322f9d]" started-at="2026-01-09T15:33:30 IST" name="SMOKE_01_verifyApplicationLaunch" finished-at="2026-01-09T15:33:30 IST" duration-ms="27" status="PASS">
          <reporter-output>
          </reporter-output>
        </test-method> <!-- SMOKE_01_verifyApplicationLaunch -->
        <test-method signature="SMOKE_02_verifyValidLogin()[pri:0, instance:com.tests.SmokeTests@61322f9d]" started-at="2026-01-09T15:33:30 IST" name="SMOKE_02_verifyValidLogin" finished-at="2026-01-09T15:33:47 IST" duration-ms="17328" status="PASS">
          <reporter-output>
          </reporter-output>
        </test-method> <!-- SMOKE_02_verifyValidLogin -->
        <test-method signature="SMOKE_03_verifyDashboardLoaded()[pri:0, instance:com.tests.SmokeTests@61322f9d]" started-at="2026-01-09T15:33:47 IST" name="SMOKE_03_verifyDashboardLoaded" finished-at="2026-01-09T15:33:48 IST" duration-ms="533" status="PASS">
          <reporter-output>
          </reporter-output>
        </test-method> <!-- SMOKE_03_verifyDashboardLoaded -->
        <test-method signature="SMOKE_04_verifyLogoutOptionVisible()[pri:0, instance:com.tests.SmokeTests@61322f9d]" started-at="2026-01-09T15:33:48 IST" name="SMOKE_04_verifyLogoutOptionVisible" finished-at="2026-01-09T15:33:49 IST" duration-ms="669" status="PASS">
          <reporter-output>
          </reporter-output>
        </test-method> <!-- SMOKE_04_verifyLogoutOptionVisible -->
        <test-method signature="SMOKE_05_verifyLogoutFunctionality()[pri:0, instance:com.tests.SmokeTests@61322f9d]" started-at="2026-01-09T15:33:49 IST" name="SMOKE_05_verifyLogoutFunctionality" finished-at="2026-01-09T15:33:52 IST" duration-ms="3341" status="PASS">
          <reporter-output>
          </reporter-output>
        </test-method> <!-- SMOKE_05_verifyLogoutFunctionality -->
        <test-method is-config="true" signature="tearDown()[pri:0, instance:com.tests.SmokeTests@61322f9d]" started-at="2026-01-09T15:33:52 IST" name="tearDown" finished-at="2026-01-09T15:33:53 IST" duration-ms="715" status="PASS">
          <reporter-output>
          </reporter-output>
        </test-method> <!-- tearDown -->
      </class> <!-- com.tests.SmokeTests -->
    </test> <!-- Smoke Tests - Chrome -->
    <test started-at="2026-01-09T15:33:05 IST" name="Regression Tests - Chrome" finished-at="2026-01-09T15:34:20 IST" duration-ms="75342">
      <class name="com.tests.RegressionTests">
        <test-method is-config="true" signature="setup(java.lang.String)[pri:0, instance:com.tests.RegressionTests@f627d13]" started-at="2026-01-09T15:33:05 IST" name="setup" finished-at="2026-01-09T15:33:29 IST" duration-ms="24323" status="PASS">
          <params>
            <param index="0">
              <value>
                <![CDATA[chrome]]>
              </value>
            </param>
          </params>
          <reporter-output>
          </reporter-output>
        </test-method> <!-- setup -->
        <test-method signature="REG_01_loginWithInvalidUsername()[pri:0, instance:com.tests.RegressionTests@f627d13]" started-at="2026-01-09T15:33:29 IST" name="REG_01_loginWithInvalidUsername" finished-at="2026-01-09T15:33:42 IST" duration-ms="13135" status="PASS">
          <reporter-output>
          </reporter-output>
        </test-method> <!-- REG_01_loginWithInvalidUsername -->
        <test-method signature="REG_02_loginWithInvalidPassword()[pri:0, instance:com.tests.RegressionTests@f627d13]" started-at="2026-01-09T15:33:42 IST" name="REG_02_loginWithInvalidPassword" finished-at="2026-01-09T15:33:50 IST" duration-ms="7208" status="PASS">
          <reporter-output>
          </reporter-output>
        </test-method> <!-- REG_02_loginWithInvalidPassword -->
        <test-method signature="REG_03_verifyValidLoginRedirectsToDashboard()[pri:0, instance:com.tests.RegressionTests@f627d13]" started-at="2026-01-09T15:33:50 IST" name="REG_03_verifyValidLoginRedirectsToDashboard" finished-at="2026-01-09T15:33:55 IST" duration-ms="5753" status="PASS">
          <reporter-output>
          </reporter-output>
        </test-method> <!-- REG_03_verifyValidLoginRedirectsToDashboard -->
        <test-method signature="REG_04_verifyPIMModule()[pri:0, instance:com.tests.RegressionTests@f627d13]" started-at="2026-01-09T15:33:55 IST" name="REG_04_verifyPIMModule" finished-at="2026-01-09T15:34:00 IST" duration-ms="4723" status="PASS">
          <reporter-output>
          </reporter-output>
        </test-method> <!-- REG_04_verifyPIMModule -->
        <test-method signature="REG_05_verifyLeaveModule()[pri:0, instance:com.tests.RegressionTests@f627d13]" started-at="2026-01-09T15:34:00 IST" name="REG_05_verifyLeaveModule" finished-at="2026-01-09T15:34:06 IST" duration-ms="5981" status="PASS">
          <reporter-output>
          </reporter-output>
        </test-method> <!-- REG_05_verifyLeaveModule -->
        <test-method signature="REG_06_verifyAdminModule()[pri:0, instance:com.tests.RegressionTests@f627d13]" started-at="2026-01-09T15:34:06 IST" name="REG_06_verifyAdminModule" finished-at="2026-01-09T15:34:16 IST" duration-ms="10296" status="PASS">
          <reporter-output>
          </reporter-output>
        </test-method> <!-- REG_06_verifyAdminModule -->
        <test-method signature="REG_07_verifyPageRefreshAfterLogin()[pri:0, instance:com.tests.RegressionTests@f627d13]" started-at="2026-01-09T15:34:16 IST" name="REG_07_verifyPageRefreshAfterLogin" finished-at="2026-01-09T15:34:19 IST" duration-ms="3114" status="PASS">
          <reporter-output>
          </reporter-output>
        </test-method> <!-- REG_07_verifyPageRefreshAfterLogin -->
        <test-method signature="REG_08_verifySessionStillActive()[pri:0, instance:com.tests.RegressionTests@f627d13]" started-at="2026-01-09T15:34:19 IST" name="REG_08_verifySessionStillActive" finished-at="2026-01-09T15:34:20 IST" duration-ms="61" status="PASS">
          <reporter-output>
          </reporter-output>
        </test-method> <!-- REG_08_verifySessionStillActive -->
        <test-method is-config="true" signature="tearDown()[pri:0, instance:com.tests.RegressionTests@f627d13]" started-at="2026-01-09T15:34:20 IST" name="tearDown" finished-at="2026-01-09T15:34:20 IST" duration-ms="602" status="PASS">
          <reporter-output>
          </reporter-output>
        </test-method> <!-- tearDown -->
      </class> <!-- com.tests.RegressionTests -->
    </test> <!-- Regression Tests - Chrome -->
    <test started-at="2026-01-09T15:33:05 IST" name="Regression Tests - Edge" finished-at="2026-01-09T15:34:26 IST" duration-ms="81027">
      <class name="com.tests.RegressionTests">
        <test-method is-config="true" signature="setup(java.lang.String)[pri:0, instance:com.tests.RegressionTests@2e32ccc5]" started-at="2026-01-09T15:33:05 IST" name="setup" finished-at="2026-01-09T15:33:29 IST" duration-ms="24062" status="PASS">
          <params>
            <param index="0">
              <value>
                <![CDATA[edge]]>
              </value>
            </param>
          </params>
          <reporter-output>
          </reporter-output>
        </test-method> <!-- setup -->
        <test-method signature="REG_01_loginWithInvalidUsername()[pri:0, instance:com.tests.RegressionTests@2e32ccc5]" started-at="2026-01-09T15:33:29 IST" name="REG_01_loginWithInvalidUsername" finished-at="2026-01-09T15:33:44 IST" duration-ms="14631" status="PASS">
          <reporter-output>
          </reporter-output>
        </test-method> <!-- REG_01_loginWithInvalidUsername -->
        <test-method signature="REG_02_loginWithInvalidPassword()[pri:0, instance:com.tests.RegressionTests@2e32ccc5]" started-at="2026-01-09T15:33:44 IST" name="REG_02_loginWithInvalidPassword" finished-at="2026-01-09T15:33:51 IST" duration-ms="6931" status="PASS">
          <reporter-output>
          </reporter-output>
        </test-method> <!-- REG_02_loginWithInvalidPassword -->
        <test-method signature="REG_03_verifyValidLoginRedirectsToDashboard()[pri:0, instance:com.tests.RegressionTests@2e32ccc5]" started-at="2026-01-09T15:33:51 IST" name="REG_03_verifyValidLoginRedirectsToDashboard" finished-at="2026-01-09T15:33:57 IST" duration-ms="6540" status="PASS">
          <reporter-output>
          </reporter-output>
        </test-method> <!-- REG_03_verifyValidLoginRedirectsToDashboard -->
        <test-method signature="REG_04_verifyPIMModule()[pri:0, instance:com.tests.RegressionTests@2e32ccc5]" started-at="2026-01-09T15:33:57 IST" name="REG_04_verifyPIMModule" finished-at="2026-01-09T15:34:04 IST" duration-ms="6547" status="PASS">
          <reporter-output>
          </reporter-output>
        </test-method> <!-- REG_04_verifyPIMModule -->
        <test-method signature="REG_05_verifyLeaveModule()[pri:0, instance:com.tests.RegressionTests@2e32ccc5]" started-at="2026-01-09T15:34:04 IST" name="REG_05_verifyLeaveModule" finished-at="2026-01-09T15:34:09 IST" duration-ms="5501" status="PASS">
          <reporter-output>
          </reporter-output>
        </test-method> <!-- REG_05_verifyLeaveModule -->
        <test-method signature="REG_06_verifyAdminModule()[pri:0, instance:com.tests.RegressionTests@2e32ccc5]" started-at="2026-01-09T15:34:09 IST" name="REG_06_verifyAdminModule" finished-at="2026-01-09T15:34:22 IST" duration-ms="12998" status="PASS">
          <reporter-output>
          </reporter-output>
        </test-method> <!-- REG_06_verifyAdminModule -->
        <test-method signature="REG_07_verifyPageRefreshAfterLogin()[pri:0, instance:com.tests.RegressionTests@2e32ccc5]" started-at="2026-01-09T15:34:22 IST" name="REG_07_verifyPageRefreshAfterLogin" finished-at="2026-01-09T15:34:25 IST" duration-ms="2728" status="PASS">
          <reporter-output>
          </reporter-output>
        </test-method> <!-- REG_07_verifyPageRefreshAfterLogin -->
        <test-method signature="REG_08_verifySessionStillActive()[pri:0, instance:com.tests.RegressionTests@2e32ccc5]" started-at="2026-01-09T15:34:25 IST" name="REG_08_verifySessionStillActive" finished-at="2026-01-09T15:34:25 IST" duration-ms="131" status="PASS">
          <reporter-output>
          </reporter-output>
        </test-method> <!-- REG_08_verifySessionStillActive -->
        <test-method is-config="true" signature="tearDown()[pri:0, instance:com.tests.RegressionTests@2e32ccc5]" started-at="2026-01-09T15:34:25 IST" name="tearDown" finished-at="2026-01-09T15:34:26 IST" duration-ms="799" status="PASS">
          <reporter-output>
          </reporter-output>
        </test-method> <!-- tearDown -->
      </class> <!-- com.tests.RegressionTests -->
    </test> <!-- Regression Tests - Edge -->
  </suite> <!--  Parallel Smoke Regression Suite -->
</testng-results>
