<?xml version="1.0" encoding="UTF-8"?>
<!-- Generated by org.testng.reporters.JUnitXMLReporter -->
<testsuite ignored="0" hostname="DESKTOP-OAVLIJG" failures="0" tests="8" name="Regression Tests - Firefox" time="63.747" errors="0" timestamp="2026-01-07T22:57:20 IST">
  <testcase classname="com.tests.RegressionTests" name="REG_01_loginWithInvalidUsername" time="4.494"/>
  <testcase classname="com.tests.RegressionTests" name="REG_02_loginWithInvalidPassword" time="5.289"/>
  <testcase classname="com.tests.RegressionTests" name="REG_03_verifyValidLoginRedirectsToDashboard" time="9.389"/>
  <testcase classname="com.tests.RegressionTests" name="REG_04_verifyPIMModule" time="4.808"/>
  <testcase classname="com.tests.RegressionTests" name="REG_05_verifyLeaveModule" time="4.421"/>
  <testcase classname="com.tests.RegressionTests" name="REG_06_verifyAdminModule" time="5.245"/>
  <testcase classname="com.tests.RegressionTests" name="REG_07_verifyPageRefreshAfterLogin" time="6.183"/>
  <testcase classname="com.tests.RegressionTests" name="REG_08_verifySessionStillActive" time="0.052"/>
</testsuite> <!-- Regression Tests - Firefox -->
