<?xml version="1.0" encoding="UTF-8"?>
<!-- Generated by org.testng.reporters.JUnitXMLReporter -->
<testsuite ignored="0" hostname="DESKTOP-OAVLIJG" failures="0" tests="8" name="Regression Tests - Chrome" time="75.342" errors="0" timestamp="2026-01-09T15:34:20 IST">
  <testcase classname="com.tests.RegressionTests" name="REG_01_loginWithInvalidUsername" time="13.135"/>
  <testcase classname="com.tests.RegressionTests" name="REG_02_loginWithInvalidPassword" time="7.208"/>
  <testcase classname="com.tests.RegressionTests" name="REG_03_verifyValidLoginRedirectsToDashboard" time="5.753"/>
  <testcase classname="com.tests.RegressionTests" name="REG_04_verifyPIMModule" time="4.723"/>
  <testcase classname="com.tests.RegressionTests" name="REG_05_verifyLeaveModule" time="5.981"/>
  <testcase classname="com.tests.RegressionTests" name="REG_06_verifyAdminModule" time="10.296"/>
  <testcase classname="com.tests.RegressionTests" name="REG_07_verifyPageRefreshAfterLogin" time="3.114"/>
  <testcase classname="com.tests.RegressionTests" name="REG_08_verifySessionStillActive" time="0.061"/>
</testsuite> <!-- Regression Tests - Chrome -->
