<?xml version="1.0" encoding="UTF-8"?>
<!-- Generated by org.testng.reporters.JUnitXMLReporter -->
<testsuite ignored="0" hostname="DESKTOP-OAVLIJG" failures="0" tests="8" name="Regression Tests - Edge" time="81.027" errors="0" timestamp="2026-01-09T15:34:26 IST">
  <testcase classname="com.tests.RegressionTests" name="REG_01_loginWithInvalidUsername" time="14.631"/>
  <testcase classname="com.tests.RegressionTests" name="REG_02_loginWithInvalidPassword" time="6.931"/>
  <testcase classname="com.tests.RegressionTests" name="REG_03_verifyValidLoginRedirectsToDashboard" time="6.54"/>
  <testcase classname="com.tests.RegressionTests" name="REG_04_verifyPIMModule" time="6.547"/>
  <testcase classname="com.tests.RegressionTests" name="REG_05_verifyLeaveModule" time="5.501"/>
  <testcase classname="com.tests.RegressionTests" name="REG_06_verifyAdminModule" time="12.998"/>
  <testcase classname="com.tests.RegressionTests" name="REG_07_verifyPageRefreshAfterLogin" time="2.728"/>
  <testcase classname="com.tests.RegressionTests" name="REG_08_verifySessionStillActive" time="0.131"/>
</testsuite> <!-- Regression Tests - Edge -->
