<?xml version="1.0" encoding="UTF-8"?>
<!-- Generated by org.testng.reporters.JUnitXMLReporter -->
<testsuite ignored="0" hostname="DESKTOP-OAVLIJG" failures="0" tests="8" name="Regression Tests - Edge" time="47.667" errors="0" timestamp="2026-01-07T23:12:52 IST">
  <testcase classname="com.tests.RegressionTests" name="REG_01_loginWithInvalidUsername" time="7.134"/>
  <testcase classname="com.tests.RegressionTests" name="REG_02_loginWithInvalidPassword" time="5.997"/>
  <testcase classname="com.tests.RegressionTests" name="REG_03_verifyValidLoginRedirectsToDashboard" time="3.45"/>
  <testcase classname="com.tests.RegressionTests" name="REG_04_verifyPIMModule" time="1.864"/>
  <testcase classname="com.tests.RegressionTests" name="REG_05_verifyLeaveModule" time="2.629"/>
  <testcase classname="com.tests.RegressionTests" name="REG_06_verifyAdminModule" time="3.68"/>
  <testcase classname="com.tests.RegressionTests" name="REG_07_verifyPageRefreshAfterLogin" time="1.723"/>
  <testcase classname="com.tests.RegressionTests" name="REG_08_verifySessionStillActive" time="0.053"/>
</testsuite> <!-- Regression Tests - Edge -->
