<?xml version="1.0" encoding="UTF-8"?>
<!-- Generated by org.testng.reporters.JUnitXMLReporter -->
<testsuite ignored="0" hostname="DESKTOP-OAVLIJG" failures="0" tests="8" name="Regression Tests - Chrome" time="42.065" errors="0" timestamp="2026-01-07T23:12:46 IST">
  <testcase classname="com.tests.RegressionTests" name="REG_01_loginWithInvalidUsername" time="3.566"/>
  <testcase classname="com.tests.RegressionTests" name="REG_02_loginWithInvalidPassword" time="3.444"/>
  <testcase classname="com.tests.RegressionTests" name="REG_03_verifyValidLoginRedirectsToDashboard" time="4.67"/>
  <testcase classname="com.tests.RegressionTests" name="REG_04_verifyPIMModule" time="2.122"/>
  <testcase classname="com.tests.RegressionTests" name="REG_05_verifyLeaveModule" time="3.87"/>
  <testcase classname="com.tests.RegressionTests" name="REG_06_verifyAdminModule" time="6.054"/>
  <testcase classname="com.tests.RegressionTests" name="REG_07_verifyPageRefreshAfterLogin" time="1.789"/>
  <testcase classname="com.tests.RegressionTests" name="REG_08_verifySessionStillActive" time="0.05"/>
</testsuite> <!-- Regression Tests - Chrome -->
