<?xml version="1.0" encoding="UTF-8"?>
<!-- Generated by org.testng.reporters.JUnitXMLReporter -->
<testsuite ignored="0" hostname="DESKTOP-OAVLIJG" failures="0" tests="5" name="Smoke Tests - Chrome" time="47.941" errors="0" timestamp="2026-01-09T15:33:53 IST">
  <testcase classname="com.tests.SmokeTests" name="SMOKE_01_verifyApplicationLaunch" time="0.027"/>
  <testcase classname="com.tests.SmokeTests" name="SMOKE_02_verifyValidLogin" time="17.328"/>
  <testcase classname="com.tests.SmokeTests" name="SMOKE_03_verifyDashboardLoaded" time="0.533"/>
  <testcase classname="com.tests.SmokeTests" name="SMOKE_04_verifyLogoutOptionVisible" time="0.669"/>
  <testcase classname="com.tests.SmokeTests" name="SMOKE_05_verifyLogoutFunctionality" time="3.341"/>
</testsuite> <!-- Smoke Tests - Chrome -->
