<?xml version="1.0" encoding="UTF-8"?>
<!-- Generated by org.testng.reporters.JUnitXMLReporter -->
<testsuite ignored="0" hostname="DESKTOP-OAVLIJG" failures="1" tests="5" name="Smoke Tests - Edge" time="41.122" errors="0" timestamp="2026-01-09T15:33:46 IST">
  <testcase classname="com.tests.SmokeTests" name="SMOKE_01_verifyApplicationLaunch" time="5.347"/>
  <testcase classname="com.tests.SmokeTests" name="SMOKE_02_verifyValidLogin" time="16.085"/>
  <testcase classname="com.tests.SmokeTests" name="SMOKE_03_verifyDashboardLoaded" time="0.074"/>
  <testcase classname="com.tests.SmokeTests" name="SMOKE_04_verifyLogoutOptionVisible" time="0.184"/>
  <testcase classname="com.tests.SmokeTests" name="SMOKE_05_verifyLogoutFunctionality" time="2.781">
    <failure type="java.lang.AssertionError" message="User not redirected to login page after logout expected [true] but found [false]">
      <![CDATA[java.lang.AssertionError: User not redirected to login page after logout expected [true] but found [false]
at com.tests.SmokeTests.SMOKE_05_verifyLogoutFunctionality(SmokeTests.java:56)
at java.base/java.util.ArrayList.forEach(ArrayList.java:1596)
at java.base/java.util.concurrent.FutureTask.run(FutureTask.java:317)
at java.base/java.util.concurrent.ThreadPoolExecutor.runWorker(ThreadPoolExecutor.java:1144)
at java.base/java.util.concurrent.ThreadPoolExecutor$Worker.run(ThreadPoolExecutor.java:642)
at java.base/java.lang.Thread.run(Thread.java:1583)
... Removed 18 stack frames]]>
    </failure>
  </testcase> <!-- SMOKE_05_verifyLogoutFunctionality -->
</testsuite> <!-- Smoke Tests - Edge -->
