<?xml version="1.0" encoding="UTF-8"?>
<!-- Generated by org.testng.reporters.JUnitXMLReporter -->
<testsuite ignored="0" hostname="DESKTOP-OAVLIJG" failures="0" tests="5" name="Smoke Tests - Edge" time="29.002" errors="0" timestamp="2026-01-07T23:12:33 IST">
  <testcase classname="com.tests.SmokeTests" name="SMOKE_01_verifyApplicationLaunch" time="0.029"/>
  <testcase classname="com.tests.SmokeTests" name="SMOKE_02_verifyValidLogin" time="4.966"/>
  <testcase classname="com.tests.SmokeTests" name="SMOKE_03_verifyDashboardLoaded" time="0.084"/>
  <testcase classname="com.tests.SmokeTests" name="SMOKE_04_verifyLogoutOptionVisible" time="0.122"/>
  <testcase classname="com.tests.SmokeTests" name="SMOKE_05_verifyLogoutFunctionality" time="3.369"/>
</testsuite> <!-- Smoke Tests - Edge -->
