<?xml version="1.0" encoding="UTF-8"?>
<!-- Generated by org.testng.reporters.JUnitXMLReporter -->
<testsuite ignored="0" hostname="DESKTOP-OAVLIJG" failures="0" tests="5" name="Smoke Tests - Chrome" time="26.902" errors="0" timestamp="2026-01-07T23:12:31 IST">
  <testcase classname="com.tests.SmokeTests" name="SMOKE_01_verifyApplicationLaunch" time="8.058"/>
  <testcase classname="com.tests.SmokeTests" name="SMOKE_02_verifyValidLogin" time="5.291"/>
  <testcase classname="com.tests.SmokeTests" name="SMOKE_03_verifyDashboardLoaded" time="0.327"/>
  <testcase classname="com.tests.SmokeTests" name="SMOKE_04_verifyLogoutOptionVisible" time="0.313"/>
  <testcase classname="com.tests.SmokeTests" name="SMOKE_05_verifyLogoutFunctionality" time="2.74"/>
</testsuite> <!-- Smoke Tests - Chrome -->
