<?xml version="1.0" encoding="UTF-8"?>
<!-- Generated by org.testng.reporters.JUnitReportReporter -->
<testsuite hostname="DESKTOP-OAVLIJG" failures="0" tests="16" name="com.tests.RegressionTests" time="52.095" errors="0" timestamp="2026-01-07T23:12:52 IST" skipped="0">
  <testcase classname="com.tests.RegressionTests" name="REG_07_verifyPageRefreshAfterLogin" time="1.789"/>
  <testcase classname="com.tests.RegressionTests" name="REG_04_verifyPIMModule" time="1.864"/>
  <testcase classname="com.tests.RegressionTests" name="REG_06_verifyAdminModule" time="6.054"/>
  <testcase classname="com.tests.RegressionTests" name="REG_08_verifySessionStillActive" time="0.050"/>
  <testcase classname="com.tests.RegressionTests" name="REG_08_verifySessionStillActive" time="0.053"/>
  <testcase classname="com.tests.RegressionTests" name="REG_02_loginWithInvalidPassword" time="3.444"/>
  <testcase classname="com.tests.RegressionTests" name="REG_04_verifyPIMModule" time="2.122"/>
  <testcase classname="com.tests.RegressionTests" name="REG_01_loginWithInvalidUsername" time="3.566"/>
  <testcase classname="com.tests.RegressionTests" name="REG_01_loginWithInvalidUsername" time="7.134"/>
  <testcase classname="com.tests.RegressionTests" name="REG_07_verifyPageRefreshAfterLogin" time="1.723"/>
  <testcase classname="com.tests.RegressionTests" name="REG_03_verifyValidLoginRedirectsToDashboard" time="3.450"/>
  <testcase classname="com.tests.RegressionTests" name="REG_06_verifyAdminModule" time="3.680"/>
  <testcase classname="com.tests.RegressionTests" name="REG_02_loginWithInvalidPassword" time="5.997"/>
  <testcase classname="com.tests.RegressionTests" name="REG_05_verifyLeaveModule" time="3.870"/>
  <testcase classname="com.tests.RegressionTests" name="REG_03_verifyValidLoginRedirectsToDashboard" time="4.670"/>
  <testcase classname="com.tests.RegressionTests" name="REG_05_verifyLeaveModule" time="2.629"/>
</testsuite> <!-- com.tests.RegressionTests -->
