<?xml version="1.0" encoding="UTF-8"?>
<!-- Generated by org.testng.reporters.JUnitReportReporter -->
<testsuite hostname="DESKTOP-OAVLIJG" failures="0" tests="10" name="com.tests.SmokeTests" time="25.299" errors="0" timestamp="2026-01-07T23:12:52 IST" skipped="0">
  <testcase classname="com.tests.SmokeTests" name="SMOKE_02_verifyValidLogin" time="5.291"/>
  <testcase classname="com.tests.SmokeTests" name="SMOKE_04_verifyLogoutOptionVisible" time="0.313"/>
  <testcase classname="com.tests.SmokeTests" name="SMOKE_01_verifyApplicationLaunch" time="0.029"/>
  <testcase classname="com.tests.SmokeTests" name="SMOKE_01_verifyApplicationLaunch" time="8.058"/>
  <testcase classname="com.tests.SmokeTests" name="SMOKE_03_verifyDashboardLoaded" time="0.084"/>
  <testcase classname="com.tests.SmokeTests" name="SMOKE_05_verifyLogoutFunctionality" time="3.369"/>
  <testcase classname="com.tests.SmokeTests" name="SMOKE_03_verifyDashboardLoaded" time="0.327"/>
  <testcase classname="com.tests.SmokeTests" name="SMOKE_02_verifyValidLogin" time="4.966"/>
  <testcase classname="com.tests.SmokeTests" name="SMOKE_05_verifyLogoutFunctionality" time="2.740"/>
  <testcase classname="com.tests.SmokeTests" name="SMOKE_04_verifyLogoutOptionVisible" time="0.122"/>
</testsuite> <!-- com.tests.SmokeTests -->
